Watching for file changes with StatReloader
C:\Web Development\Projects\Smart_Agricultural_Loan_System\Smart_Agricultural_Loan_System\loan_app\forms.py changed, reloading.
Performing system checks...

System check identified no issues (0 silenced).
February 20, 2026 - 22:25:21
Django version 4.2.28, using settings 'sals_project.settings'
Starting development server at http://127.0.0.1:8000/
Quit the server with CTRL-BREAK.

Watching for file changes with StatReloader
C:\Web Development\Projects\Smart_Agricultural_Loan_System\Smart_Agricultural_Loan_System\loan_app\views.py changed, reloading.
Performing system checks...

System check identified no issues (0 silenced).
February 20, 2026 - 22:59:39
Django version 4.2.28, using settings 'sals_project.settings'
Starting development server at http://127.0.0.1:8000/
Quit the server with CTRL-BREAK.

Watching for file changes with StatReloader
C:\Web Development\Projects\Smart_Agricultural_Loan_System\Smart_Agricultural_Loan_System\loan_app\urls.py changed, reloading.
Performing system checks...

System check identified no issues (0 silenced).
February 20, 2026 - 22:59:50
Django version 4.2.28, using settings 'sals_project.settings'
Starting development server at http://127.0.0.1:8000/
Quit the server with CTRL-BREAK.

Watching for file changes with StatReloader
C:\Web Development\Projects\Smart_Agricultural_Loan_System\Smart_Agricultural_Loan_System\sals_project\settings.py changed, reloading.
Performing system checks...

System check identified no issues (0 silenced).
February 20, 2026 - 23:00:09
Django version 4.2.28, using settings 'sals_project.settings'
Starting development server at http://127.0.0.1:8000/
Quit the server with CTRL-BREAK.

Watching for file changes with StatReloader
